{
  "stats": {
    "suites": 1,
    "tests": 5,
    "passes": 5,
    "pending": 0,
    "failures": 0,
    "start": "2024-02-24T11:54:04.039Z",
    "end": "2024-02-24T11:54:45.264Z",
    "duration": 41225,
    "testsRegistered": 5,
    "passPercent": 100,
    "pendingPercent": 0,
    "other": 0,
    "hasOther": false,
    "skipped": 0,
    "hasSkipped": false
  },
  "results": [
    {
      "uuid": "e0645770-ca86-4060-8eab-1014a20442f8",
      "title": "",
      "fullFile": "cypress\\e2e\\2-create-read-update-delete-data-user\\user-can-edit-data-user.cy.js",
      "file": "cypress\\e2e\\2-create-read-update-delete-data-user\\user-can-edit-data-user.cy.js",
      "beforeHooks": [],
      "afterHooks": [],
      "tests": [],
      "suites": [
        {
          "uuid": "5502553a-8b59-4c35-b113-2f81e919dc00",
          "title": "Working with edit data ",
          "fullFile": "",
          "file": "",
          "beforeHooks": [],
          "afterHooks": [],
          "tests": [
            {
              "title": "User can edit data",
              "fullTitle": "Working with edit data  User can edit data",
              "timedOut": null,
              "duration": 9025,
              "state": "passed",
              "speed": "medium",
              "pass": true,
              "fail": false,
              "pending": false,
              "context": "\"../videos/user-can-edit-data-user.cy.js.mp4\"",
              "code": "cy.get('.table td').contains('user').parent().find('a').contains('Edit').click();\ncy.get('#name').clear('user ');\ncy.get('#name').type('user edited');\ncy.get('.btn-primary').contains('Submit').click();\ncy.get('.table td').contains('user').should('have.text', 'user edited');\ncy.get('.alert').should('be.visible').and(\"have.class\", \"alert-success\").contains('User Berhasil Diupdate');",
              "err": {},
              "uuid": "8f003e56-58f6-4554-941c-bd9f728a178f",
              "parentUUID": "5502553a-8b59-4c35-b113-2f81e919dc00",
              "isHook": false,
              "skipped": false
            },
            {
              "title": "User can cancel edit data",
              "fullTitle": "Working with edit data  User can cancel edit data",
              "timedOut": null,
              "duration": 7295,
              "state": "passed",
              "speed": "medium",
              "pass": true,
              "fail": false,
              "pending": false,
              "context": "\"../videos/user-can-edit-data-user.cy.js.mp4\"",
              "code": "cy.get('.table td').contains('user').parent().find('a').contains('Edit').click();\ncy.get('.btn-secondary').contains('Cancel').click();\ncy.get('.table td').contains('user');",
              "err": {},
              "uuid": "98031073-de01-4d32-bc92-1f2be552d832",
              "parentUUID": "5502553a-8b59-4c35-b113-2f81e919dc00",
              "isHook": false,
              "skipped": false
            },
            {
              "title": "User cannot edit data with blank username",
              "fullTitle": "Working with edit data  User cannot edit data with blank username",
              "timedOut": null,
              "duration": 7831,
              "state": "passed",
              "speed": "medium",
              "pass": true,
              "fail": false,
              "pending": false,
              "context": "\"../videos/user-can-edit-data-user.cy.js.mp4\"",
              "code": "cy.get('.table td').contains('user').parent().find('a').contains('Edit').click();\ncy.get('#name').clear();\ncy.get('.btn-primary').contains('Submit').click();\ncy.get('.invalid-feedback').should('contain', 'The name field is required.');\ncy.get('.invalid-feedback').should('have.class', 'invalid-feedback');\ncy.get('.invalid-feedback').should('be.visible');",
              "err": {},
              "uuid": "a778c1fe-f996-4dee-9d36-d1ea38c62a0e",
              "parentUUID": "5502553a-8b59-4c35-b113-2f81e919dc00",
              "isHook": false,
              "skipped": false
            },
            {
              "title": "User cannot edit data with blank email",
              "fullTitle": "Working with edit data  User cannot edit data with blank email",
              "timedOut": null,
              "duration": 8236,
              "state": "passed",
              "speed": "medium",
              "pass": true,
              "fail": false,
              "pending": false,
              "context": "\"../videos/user-can-edit-data-user.cy.js.mp4\"",
              "code": "cy.get('.table td').contains('user').parent().find('a').contains('Edit').click();\ncy.get('#email').clear();\ncy.get('.btn-primary').contains('Submit').click();\ncy.get('.invalid-feedback').should('contain', 'The email field is required.');\ncy.get('.invalid-feedback').should('have.class', 'invalid-feedback');\ncy.get('.invalid-feedback').should('be.visible');",
              "err": {},
              "uuid": "00d17125-23da-4fe3-83bc-b5cfdfd5f61b",
              "parentUUID": "5502553a-8b59-4c35-b113-2f81e919dc00",
              "isHook": false,
              "skipped": false
            },
            {
              "title": "User cannot edit data with all blank field",
              "fullTitle": "Working with edit data  User cannot edit data with all blank field",
              "timedOut": null,
              "duration": 8393,
              "state": "passed",
              "speed": "medium",
              "pass": true,
              "fail": false,
              "pending": false,
              "context": "\"../videos/user-can-edit-data-user.cy.js.mp4\"",
              "code": "cy.get('.table td').contains('user').parent().find('a').contains('Edit').click();\ncy.get('#name').clear();\ncy.get('#email').clear();\ncy.get('.btn-primary').contains('Submit').click();\ncy.get('#name').next().should('be.visible').and('have.class', 'invalid-feedback').and('contain', 'The name field is required.');\ncy.get('#email').next().should('be.visible').and('have.class', 'invalid-feedback').and('contain', 'The email field is required.');",
              "err": {},
              "uuid": "d254a9b3-10d3-4c8e-b872-a9c19a5bd9f8",
              "parentUUID": "5502553a-8b59-4c35-b113-2f81e919dc00",
              "isHook": false,
              "skipped": false
            }
          ],
          "suites": [],
          "passes": [
            "8f003e56-58f6-4554-941c-bd9f728a178f",
            "98031073-de01-4d32-bc92-1f2be552d832",
            "a778c1fe-f996-4dee-9d36-d1ea38c62a0e",
            "00d17125-23da-4fe3-83bc-b5cfdfd5f61b",
            "d254a9b3-10d3-4c8e-b872-a9c19a5bd9f8"
          ],
          "failures": [],
          "pending": [],
          "skipped": [],
          "duration": 40780,
          "root": false,
          "rootEmpty": false,
          "_timeout": 2000
        }
      ],
      "passes": [],
      "failures": [],
      "pending": [],
      "skipped": [],
      "duration": 0,
      "root": true,
      "rootEmpty": true,
      "_timeout": 2000
    }
  ],
  "meta": {
    "mocha": {
      "version": "7.0.1"
    },
    "mochawesome": {
      "options": {
        "quiet": false,
        "reportFilename": "[name].html",
        "saveHtml": true,
        "saveJson": true,
        "consoleReporter": "spec",
        "useInlineDiffs": false,
        "code": true
      },
      "version": "7.1.3"
    },
    "marge": {
      "options": {
        "useInlineDiffs": true,
        "embeddedScreenshots": true,
        "reportDir": "cypress/results",
        "reportFilename": "[name].html",
        "overwrite": true,
        "html": true,
        "json": true
      },
      "version": "6.2.0"
    }
  }
}