{
  "stats": {
    "suites": 1,
    "tests": 6,
    "passes": 6,
    "pending": 0,
    "failures": 0,
    "start": "2024-02-24T11:52:29.741Z",
    "end": "2024-02-24T11:52:44.360Z",
    "duration": 14619,
    "testsRegistered": 6,
    "passPercent": 100,
    "pendingPercent": 0,
    "other": 0,
    "hasOther": false,
    "skipped": 0,
    "hasSkipped": false
  },
  "results": [
    {
      "uuid": "e544b7c0-d3ca-45d3-aa84-4fe52098cbfb",
      "title": "",
      "fullFile": "cypress\\e2e\\1-login-page\\user-can-login.cy.js",
      "file": "cypress\\e2e\\1-login-page\\user-can-login.cy.js",
      "beforeHooks": [],
      "afterHooks": [],
      "tests": [],
      "suites": [
        {
          "uuid": "cf144e71-4035-43db-bb15-122503af296b",
          "title": "User can login to system",
          "fullFile": "",
          "file": "",
          "beforeHooks": [],
          "afterHooks": [],
          "tests": [
            {
              "title": "User can login with valid username and password",
              "fullTitle": "User can login to system User can login with valid username and password",
              "timedOut": null,
              "duration": 3145,
              "state": "passed",
              "speed": "fast",
              "pass": true,
              "fail": false,
              "pending": false,
              "context": "\"../videos/user-can-login.cy.js.mp4\"",
              "code": "//arrange\ncy.visit('http://127.0.0.1:8000/');\n//act\ncy.get(':nth-child(2) > .form-control').type(\"superadmin@gmail.com\");\ncy.get(':nth-child(3) > .form-control').type(\"password\");\ncy.get('.btn').click();\n//assert\ncy.get('.nav-link > .d-sm-none').should('have.text', \"Hi, SuperAdmin\");\ncy.url().should('include', \"dashboard\");",
              "err": {},
              "uuid": "cbce9fab-de2a-4e9c-b8b2-b54c386a293a",
              "parentUUID": "cf144e71-4035-43db-bb15-122503af296b",
              "isHook": false,
              "skipped": false
            },
            {
              "title": "User cant login with valid username but invalid password",
              "fullTitle": "User can login to system User cant login with valid username but invalid password",
              "timedOut": null,
              "duration": 2668,
              "state": "passed",
              "speed": "fast",
              "pass": true,
              "fail": false,
              "pending": false,
              "context": "\"../videos/user-can-login.cy.js.mp4\"",
              "code": "cy.visit('http://127.0.0.1:8000/');\ncy.get(':nth-child(2) > .form-control').type(\"superadmin@gmail.com\");\ncy.get(':nth-child(3) > .form-control').type(\"password-salah\");\ncy.get('.btn').click();\ncy.get('.invalid-feedback').should('have.text', \"These credentials do not match our records.\");",
              "err": {},
              "uuid": "1c26b522-aee9-4823-a5c6-c1397bf483ba",
              "parentUUID": "cf144e71-4035-43db-bb15-122503af296b",
              "isHook": false,
              "skipped": false
            },
            {
              "title": "User cant login with invalid username but valid password",
              "fullTitle": "User can login to system User cant login with invalid username but valid password",
              "timedOut": null,
              "duration": 2706,
              "state": "passed",
              "speed": "fast",
              "pass": true,
              "fail": false,
              "pending": false,
              "context": "\"../videos/user-can-login.cy.js.mp4\"",
              "code": "cy.visit('http://127.0.0.1:8000/');\ncy.get(':nth-child(2) > .form-control').type(\"superadminhahayy@gmail.com\");\ncy.get(':nth-child(3) > .form-control').type(\"password\");\ncy.get('.btn').click();\ncy.get('.invalid-feedback').should('have.text', \"These credentials do not match our records.\");",
              "err": {},
              "uuid": "8f118698-44c0-4519-a2c9-1fb51866167d",
              "parentUUID": "cf144e71-4035-43db-bb15-122503af296b",
              "isHook": false,
              "skipped": false
            },
            {
              "title": "User cant login with empty username and valid password",
              "fullTitle": "User can login to system User cant login with empty username and valid password",
              "timedOut": null,
              "duration": 2208,
              "state": "passed",
              "speed": "fast",
              "pass": true,
              "fail": false,
              "pending": false,
              "context": "\"../videos/user-can-login.cy.js.mp4\"",
              "code": "cy.visit('http://127.0.0.1:8000/');\n//cy.get(':nth-child(2) > .form-control').type(\"\")\ncy.get(':nth-child(3) > .form-control').type(\"password\");\ncy.get('.btn').click();\ncy.get('.invalid-feedback').should('have.text', \"The email field is required.\");",
              "err": {},
              "uuid": "a2904c55-3d05-45cb-9340-fd682f71692d",
              "parentUUID": "cf144e71-4035-43db-bb15-122503af296b",
              "isHook": false,
              "skipped": false
            },
            {
              "title": "User cant login with valid username and empty password",
              "fullTitle": "User can login to system User cant login with valid username and empty password",
              "timedOut": null,
              "duration": 2046,
              "state": "passed",
              "speed": "fast",
              "pass": true,
              "fail": false,
              "pending": false,
              "context": "\"../videos/user-can-login.cy.js.mp4\"",
              "code": "cy.visit('http://127.0.0.1:8000/');\ncy.get(':nth-child(2) > .form-control').type(\"superadmin@gmail.com\");\n//cy.get(':nth-child(3) > .form-control').type(\"password-salah\")\ncy.get('.btn').click();\ncy.get('.invalid-feedback').should('have.text', \"The password field is required.\");",
              "err": {},
              "uuid": "b2b73fdf-60c6-4418-9ccb-d8ce55e8e254",
              "parentUUID": "cf144e71-4035-43db-bb15-122503af296b",
              "isHook": false,
              "skipped": false
            },
            {
              "title": "User cant login with empty username and password",
              "fullTitle": "User can login to system User cant login with empty username and password",
              "timedOut": null,
              "duration": 1611,
              "state": "passed",
              "speed": "fast",
              "pass": true,
              "fail": false,
              "pending": false,
              "context": "\"../videos/user-can-login.cy.js.mp4\"",
              "code": "cy.visit('http://127.0.0.1:8000/');\n//cy.get(':nth-child(2) > .form-control').type(\"superadmin@gmail.com\")\n//cy.get(':nth-child(3) > .form-control').type(\"password-salah\")\ncy.get('.btn').click();\ncy.get(':nth-child(2) > .invalid-feedback').should('have.text', \"The email field is required.\");\ncy.get(':nth-child(3) > .invalid-feedback').should('have.text', \"The password field is required.\");",
              "err": {},
              "uuid": "24cf52de-9518-4c30-a3d2-9338d9b1f96b",
              "parentUUID": "cf144e71-4035-43db-bb15-122503af296b",
              "isHook": false,
              "skipped": false
            }
          ],
          "suites": [],
          "passes": [
            "cbce9fab-de2a-4e9c-b8b2-b54c386a293a",
            "1c26b522-aee9-4823-a5c6-c1397bf483ba",
            "8f118698-44c0-4519-a2c9-1fb51866167d",
            "a2904c55-3d05-45cb-9340-fd682f71692d",
            "b2b73fdf-60c6-4418-9ccb-d8ce55e8e254",
            "24cf52de-9518-4c30-a3d2-9338d9b1f96b"
          ],
          "failures": [],
          "pending": [],
          "skipped": [],
          "duration": 14384,
          "root": false,
          "rootEmpty": false,
          "_timeout": 2000
        }
      ],
      "passes": [],
      "failures": [],
      "pending": [],
      "skipped": [],
      "duration": 0,
      "root": true,
      "rootEmpty": true,
      "_timeout": 2000
    }
  ],
  "meta": {
    "mocha": {
      "version": "7.0.1"
    },
    "mochawesome": {
      "options": {
        "quiet": false,
        "reportFilename": "[name].html",
        "saveHtml": true,
        "saveJson": true,
        "consoleReporter": "spec",
        "useInlineDiffs": false,
        "code": true
      },
      "version": "7.1.3"
    },
    "marge": {
      "options": {
        "useInlineDiffs": true,
        "embeddedScreenshots": true,
        "reportDir": "cypress/results",
        "reportFilename": "[name].html",
        "overwrite": true,
        "html": true,
        "json": true
      },
      "version": "6.2.0"
    }
  }
}