{
  "stats": {
    "suites": 1,
    "tests": 1,
    "passes": 1,
    "pending": 0,
    "failures": 0,
    "start": "2024-02-24T11:52:46.642Z",
    "end": "2024-02-24T11:52:49.343Z",
    "duration": 2701,
    "testsRegistered": 1,
    "passPercent": 100,
    "pendingPercent": 0,
    "other": 0,
    "hasOther": false,
    "skipped": 0,
    "hasSkipped": false
  },
  "results": [
    {
      "uuid": "3c331b1b-ceb4-4bf6-a3c9-8f128df075d1",
      "title": "",
      "fullFile": "cypress\\e2e\\1-login-page\\user-can-open-login-page.cy.js",
      "file": "cypress\\e2e\\1-login-page\\user-can-open-login-page.cy.js",
      "beforeHooks": [],
      "afterHooks": [],
      "tests": [],
      "suites": [
        {
          "uuid": "64e84667-1e00-4288-8348-550e7a89b9d9",
          "title": "Working with login",
          "fullFile": "",
          "file": "",
          "beforeHooks": [],
          "afterHooks": [],
          "tests": [
            {
              "title": "User should can open login page",
              "fullTitle": "Working with login User should can open login page",
              "timedOut": null,
              "duration": 2658,
              "state": "passed",
              "speed": "fast",
              "pass": true,
              "fail": false,
              "pending": false,
              "context": "\"../videos/user-can-open-login-page.cy.js.mp4\"",
              "code": "cy.visit('http://127.0.0.1:8000/');\ncy.get('h4').should('have.text', \"Login\");\ncy.get('[data-id=\"email').type(\"superadmin@gmail.com\");",
              "err": {},
              "uuid": "abbad7df-f616-4f15-adec-f3e028269d12",
              "parentUUID": "64e84667-1e00-4288-8348-550e7a89b9d9",
              "isHook": false,
              "skipped": false
            }
          ],
          "suites": [],
          "passes": [
            "abbad7df-f616-4f15-adec-f3e028269d12"
          ],
          "failures": [],
          "pending": [],
          "skipped": [],
          "duration": 2658,
          "root": false,
          "rootEmpty": false,
          "_timeout": 2000
        }
      ],
      "passes": [],
      "failures": [],
      "pending": [],
      "skipped": [],
      "duration": 0,
      "root": true,
      "rootEmpty": true,
      "_timeout": 2000
    }
  ],
  "meta": {
    "mocha": {
      "version": "7.0.1"
    },
    "mochawesome": {
      "options": {
        "quiet": false,
        "reportFilename": "[name].html",
        "saveHtml": true,
        "saveJson": true,
        "consoleReporter": "spec",
        "useInlineDiffs": false,
        "code": true
      },
      "version": "7.1.3"
    },
    "marge": {
      "options": {
        "useInlineDiffs": true,
        "embeddedScreenshots": true,
        "reportDir": "cypress/results",
        "reportFilename": "[name].html",
        "overwrite": true,
        "html": true,
        "json": true
      },
      "version": "6.2.0"
    }
  }
}