{
  "stats": {
    "suites": 1,
    "tests": 1,
    "passes": 1,
    "pending": 0,
    "failures": 0,
    "start": "2024-02-24T11:52:20.753Z",
    "end": "2024-02-24T11:52:27.348Z",
    "duration": 6595,
    "testsRegistered": 1,
    "passPercent": 100,
    "pendingPercent": 0,
    "other": 0,
    "hasOther": false,
    "skipped": 0,
    "hasSkipped": false
  },
  "results": [
    {
      "uuid": "5c3239a3-ae76-45b2-9cfd-aec4358e50c9",
      "title": "",
      "fullFile": "cypress\\e2e\\1-login-page\\user-can-login-then-logout.cy.js",
      "file": "cypress\\e2e\\1-login-page\\user-can-login-then-logout.cy.js",
      "beforeHooks": [],
      "afterHooks": [],
      "tests": [],
      "suites": [
        {
          "uuid": "c284b13d-4c00-43b6-bc11-8273eecc2173",
          "title": "Working with login",
          "fullFile": "",
          "file": "",
          "beforeHooks": [],
          "afterHooks": [],
          "tests": [
            {
              "title": "User should login to system with valid email and password",
              "fullTitle": "Working with login User should login to system with valid email and password",
              "timedOut": null,
              "duration": 6556,
              "state": "passed",
              "speed": "medium",
              "pass": true,
              "fail": false,
              "pending": false,
              "context": "\"../videos/user-can-login-then-logout.cy.js.mp4\"",
              "code": "cy.visit('http://127.0.0.1:8000/');\n//   cy.get('h4').should('have.text',\"Login\")\n//   cy.get('[data-id=\"email').type(\"superadmin@gmail.com\")\n//   cy.get('[data-id=\"password').type(\"password\")\n//   cy.get('[data-id=\"submit').click()\n//   cy.url().should('include',\"dashboard\")\n//   cy.get('[data-id=\"username').click()\n//   cy.get('[data-id=\"logout-btn').click()\n/* ==== Generated with Cypress Studio ==== */\ncy.get(':nth-child(2) > .form-control').clear('superadmin@gmail.com');\ncy.get(':nth-child(2) > .form-control').type('superadmin@gmail.com');\ncy.get(':nth-child(3) > .form-control').clear('p');\ncy.get(':nth-child(3) > .form-control').type('password');\ncy.get('.btn').click();\ncy.get('.nav-link > .d-sm-none').click();\ncy.get('.text-danger > .fas').click();\n/* ==== End Cypress Studio ==== */",
              "err": {},
              "uuid": "d2fb05aa-8ebc-4479-ab7f-16d318cd8e3b",
              "parentUUID": "c284b13d-4c00-43b6-bc11-8273eecc2173",
              "isHook": false,
              "skipped": false
            }
          ],
          "suites": [],
          "passes": [
            "d2fb05aa-8ebc-4479-ab7f-16d318cd8e3b"
          ],
          "failures": [],
          "pending": [],
          "skipped": [],
          "duration": 6556,
          "root": false,
          "rootEmpty": false,
          "_timeout": 2000
        }
      ],
      "passes": [],
      "failures": [],
      "pending": [],
      "skipped": [],
      "duration": 0,
      "root": true,
      "rootEmpty": true,
      "_timeout": 2000
    }
  ],
  "meta": {
    "mocha": {
      "version": "7.0.1"
    },
    "mochawesome": {
      "options": {
        "quiet": false,
        "reportFilename": "[name].html",
        "saveHtml": true,
        "saveJson": true,
        "consoleReporter": "spec",
        "useInlineDiffs": false,
        "code": true
      },
      "version": "7.1.3"
    },
    "marge": {
      "options": {
        "useInlineDiffs": true,
        "embeddedScreenshots": true,
        "reportDir": "cypress/results",
        "reportFilename": "[name].html",
        "overwrite": true,
        "html": true,
        "json": true
      },
      "version": "6.2.0"
    }
  }
}