{
  "stats": {
    "suites": 1,
    "tests": 6,
    "passes": 6,
    "pending": 0,
    "failures": 0,
    "start": "2024-02-24T11:52:51.616Z",
    "end": "2024-02-24T11:53:50.265Z",
    "duration": 58649,
    "testsRegistered": 6,
    "passPercent": 100,
    "pendingPercent": 0,
    "other": 0,
    "hasOther": false,
    "skipped": 0,
    "hasSkipped": false
  },
  "results": [
    {
      "uuid": "efc87e4b-ce8a-452f-8bbe-e313e87790d9",
      "title": "",
      "fullFile": "cypress\\e2e\\2-create-read-update-delete-data-user\\user-can-create-new-user.cy.js",
      "file": "cypress\\e2e\\2-create-read-update-delete-data-user\\user-can-create-new-user.cy.js",
      "beforeHooks": [],
      "afterHooks": [],
      "tests": [],
      "suites": [
        {
          "uuid": "6969d408-1f2c-477a-a2cc-31a6f40db009",
          "title": "Working with Create New User",
          "fullFile": "",
          "file": "",
          "beforeHooks": [],
          "afterHooks": [],
          "tests": [
            {
              "title": "User should create new user with valid data",
              "fullTitle": "Working with Create New User User should create new user with valid data",
              "timedOut": null,
              "duration": 11912,
              "state": "passed",
              "speed": "slow",
              "pass": true,
              "fail": false,
              "pending": false,
              "context": "\"../videos/user-can-create-new-user.cy.js.mp4\"",
              "code": "cy.get('#name').type('Puja Aditya Raihan');\ncy.get('#email').type('adit.raihan@gmail.com');\ncy.get('#password').type('12345678');\ncy.get('.btn-primary').click();\n//assert\ncy.get('p').should('have.text', 'Data Berhasil Ditambahkan');\ncy.get('p').should('be.visible');\ncy.get('.navbar-right > :nth-child(2) > .nav-link').click();\ncy.get('.text-danger').click();",
              "err": {},
              "uuid": "0cac4570-0d2d-49b2-b31e-cef1319cef8b",
              "parentUUID": "6969d408-1f2c-477a-a2cc-31a6f40db009",
              "isHook": false,
              "skipped": false
            },
            {
              "title": "User cant create new user with empty data",
              "fullTitle": "Working with Create New User User cant create new user with empty data",
              "timedOut": null,
              "duration": 8949,
              "state": "passed",
              "speed": "medium",
              "pass": true,
              "fail": false,
              "pending": false,
              "context": "\"../videos/user-can-create-new-user.cy.js.mp4\"",
              "code": "cy.get('.btn-primary').click();\ncy.get(':nth-child(2) > .invalid-feedback').should('have.text', '\\n                                    The name field is required.\\n                                ');\ncy.get(':nth-child(2) > .invalid-feedback').should('be.visible');\ncy.get(':nth-child(3) > .invalid-feedback').should('have.text', '\\n                                    The email field is required.\\n                                ');\ncy.get(':nth-child(3) > .invalid-feedback').should('be.visible');\ncy.get(':nth-child(4) > .invalid-feedback').should('have.text', '\\n                                    The password field is required.\\n                                ');\ncy.get(':nth-child(4) > .invalid-feedback').should('be.visible');\ncy.get('.navbar-right > :nth-child(2) > .nav-link').click();\ncy.get('.text-danger').click();",
              "err": {},
              "uuid": "d6538ecc-d384-4c78-9e54-492f83663ee2",
              "parentUUID": "6969d408-1f2c-477a-a2cc-31a6f40db009",
              "isHook": false,
              "skipped": false
            },
            {
              "title": "User cant create new user with empty name",
              "fullTitle": "Working with Create New User User cant create new user with empty name",
              "timedOut": null,
              "duration": 9331,
              "state": "passed",
              "speed": "medium",
              "pass": true,
              "fail": false,
              "pending": false,
              "context": "\"../videos/user-can-create-new-user.cy.js.mp4\"",
              "code": "cy.get('#email').type('adit.raihan@gmail.com');\ncy.get('#password').type('12345678');\ncy.get('.btn-primary').click();\n//assert\ncy.get(':nth-child(2) > .invalid-feedback').should('have.text', '\\n                                    The name field is required.\\n                                ');\ncy.get(':nth-child(2) > .invalid-feedback').should('be.visible');\ncy.get('.navbar-right > :nth-child(2) > .nav-link').click();\ncy.get('.text-danger').click();",
              "err": {},
              "uuid": "48f1ef47-883d-46e8-a44c-1240b0865baf",
              "parentUUID": "6969d408-1f2c-477a-a2cc-31a6f40db009",
              "isHook": false,
              "skipped": false
            },
            {
              "title": "User cant create new user with invalid email",
              "fullTitle": "Working with Create New User User cant create new user with invalid email",
              "timedOut": null,
              "duration": 9740,
              "state": "passed",
              "speed": "medium",
              "pass": true,
              "fail": false,
              "pending": false,
              "context": "\"../videos/user-can-create-new-user.cy.js.mp4\"",
              "code": "cy.get('#name').type('Puja Aditya Raihan');\ncy.get('#email').type('adit.raihan');\ncy.get('#password').type('12345678');\ncy.get('.btn-primary').click();\n//assert\ncy.get(':nth-child(3) > .invalid-feedback').should('have.text', '\\n                                    The email must be a valid email address.\\n                                ');\ncy.get(':nth-child(3) > .invalid-feedback').should('be.visible');\ncy.get('.navbar-right > :nth-child(2) > .nav-link').click();\ncy.get('.text-danger').click();",
              "err": {},
              "uuid": "6613339e-93ff-47f8-ad8c-b1fc46b73c41",
              "parentUUID": "6969d408-1f2c-477a-a2cc-31a6f40db009",
              "isHook": false,
              "skipped": false
            },
            {
              "title": "User cant create new user with empty email",
              "fullTitle": "Working with Create New User User cant create new user with empty email",
              "timedOut": null,
              "duration": 9118,
              "state": "passed",
              "speed": "medium",
              "pass": true,
              "fail": false,
              "pending": false,
              "context": "\"../videos/user-can-create-new-user.cy.js.mp4\"",
              "code": "cy.get('#name').type('Puja Aditya Raihan');\ncy.get('#password').type('12345678');\ncy.get('.btn-primary').click();\n//assert\ncy.get(':nth-child(3) > .invalid-feedback').should('have.text', '\\n                                    The email field is required.\\n                                ');\ncy.get(':nth-child(3) > .invalid-feedback').should('be.visible');\ncy.get('.navbar-right > :nth-child(2) > .nav-link').click();\ncy.get('.text-danger').click();",
              "err": {},
              "uuid": "9977594d-8513-4ad0-b421-9e5e27f82faa",
              "parentUUID": "6969d408-1f2c-477a-a2cc-31a6f40db009",
              "isHook": false,
              "skipped": false
            },
            {
              "title": "User cant create new user with empty password",
              "fullTitle": "Working with Create New User User cant create new user with empty password",
              "timedOut": null,
              "duration": 9362,
              "state": "passed",
              "speed": "medium",
              "pass": true,
              "fail": false,
              "pending": false,
              "context": "\"../videos/user-can-create-new-user.cy.js.mp4\"",
              "code": "cy.get('#name').type('Puja Aditya Raihan');\ncy.get('#email').type('adit.raihan@gmail.com');\ncy.get('.btn-primary').click();\n//assert\ncy.get(':nth-child(4) > .invalid-feedback').should('have.text', '\\n                                    The password field is required.\\n                                ');\ncy.get(':nth-child(4) > .invalid-feedback').should('be.visible');\ncy.get('.navbar-right > :nth-child(2) > .nav-link').click();\ncy.get('.text-danger').click();",
              "err": {},
              "uuid": "10dc4560-4ca4-4a2e-ac1b-b98602489a9e",
              "parentUUID": "6969d408-1f2c-477a-a2cc-31a6f40db009",
              "isHook": false,
              "skipped": false
            }
          ],
          "suites": [],
          "passes": [
            "0cac4570-0d2d-49b2-b31e-cef1319cef8b",
            "d6538ecc-d384-4c78-9e54-492f83663ee2",
            "48f1ef47-883d-46e8-a44c-1240b0865baf",
            "6613339e-93ff-47f8-ad8c-b1fc46b73c41",
            "9977594d-8513-4ad0-b421-9e5e27f82faa",
            "10dc4560-4ca4-4a2e-ac1b-b98602489a9e"
          ],
          "failures": [],
          "pending": [],
          "skipped": [],
          "duration": 58412,
          "root": false,
          "rootEmpty": false,
          "_timeout": 2000
        }
      ],
      "passes": [],
      "failures": [],
      "pending": [],
      "skipped": [],
      "duration": 0,
      "root": true,
      "rootEmpty": true,
      "_timeout": 2000
    }
  ],
  "meta": {
    "mocha": {
      "version": "7.0.1"
    },
    "mochawesome": {
      "options": {
        "quiet": false,
        "reportFilename": "[name].html",
        "saveHtml": true,
        "saveJson": true,
        "consoleReporter": "spec",
        "useInlineDiffs": false,
        "code": true
      },
      "version": "7.1.3"
    },
    "marge": {
      "options": {
        "useInlineDiffs": true,
        "embeddedScreenshots": true,
        "reportDir": "cypress/results",
        "reportFilename": "[name].html",
        "overwrite": true,
        "html": true,
        "json": true
      },
      "version": "6.2.0"
    }
  }
}